Job start at 2023/12/20 11:39:38 
a) SBATCH --cpus-per-task=4
b) Start executing ./file-cut.sh with srun -n 4
OMP_NUM_THREADS: 4
Processing ./Sample1.fastq file...
Processing ./Sample1.fastq file...
Processing ./Sample1.fastq file...
Processing ./Sample1.fastq file...
Processing ./Sample2.fastq file...
Processing ./Sample2.fastq file...
Processing ./Sample2.fastq file...
Processing ./Sample2.fastq file...
Processing ./Sample3.fastq file...
Processing ./Sample3.fastq file...
Processing ./Sample3.fastq file...
Processing ./Sample3.fastq file...
Processing ./Sample4.fastq file...
Processing ./Sample4.fastq file...
Processing ./Sample4.fastq file...
Processing ./Sample4.fastq file...
Job has ended at 2023/12/20 11:39:39 
